
[DEBUG] Starting feature selection for split_date=2017-01-01
[DEBUG] Mask applied: 504 rows selected
[DEBUG] y computed: Date
2015-02-02    0.014698
2015-02-03    0.026343
2015-02-04    0.026023
2015-02-05    0.038399
2015-02-06    0.043168
2015-02-09    0.043154
2015-02-10    0.042999
2015-02-11    0.042789
2015-02-12    0.042362
2015-02-13    0.042738
[DEBUG] X shape after aligning with y: (463, 841)
[DEBUG] Feature importances (top 10): boll_Lower_21_LLY    0.383849
boll_Lower_14_LLY    0.081953
price_XOM            0.044626
ema_69_LLY           0.034255
donchian_21_CAT      0.022931
sma_21_LLY           0.016538
donchian_21_AVGO     0.015353
donchian_21_JPM      0.013714
macd_JPM             0.013202
month                0.012868
[DEBUG] Selected top 175 features
[DEBUG] Top feature: boll_Lower_21_LLY    0.383849

[DEBUG] Starting feature selection for split_date=2018-01-01
[DEBUG] Mask applied: 503 rows selected
[DEBUG] y computed: Date
2016-02-02    0.083251
2016-02-03    0.043799
2016-02-04    0.025140
2016-02-05    0.026423
2016-02-08    0.026436
2016-02-09    0.027122
2016-02-10    0.027672
2016-02-11    0.026455
2016-02-12    0.025728
2016-02-16    0.024702
[DEBUG] X shape after aligning with y: (462, 841)
[DEBUG] Feature importances (top 10): meanabsret_69_NVDA    0.207251
boll_Lower_21_COST    0.174041
atr_69_JPM            0.053922
macd_LLY              0.035310
volptile_69_ADBE      0.029893
williams_69_LLY       0.021986
atr_69_CAT            0.018708
ema_69_COST           0.018082
volptile_69_MA        0.017070
pricevshigh_69_LLY    0.016794
[DEBUG] Selected top 175 features
[DEBUG] Top feature: meanabsret_69_NVDA    0.207251

[DEBUG] Starting feature selection for split_date=2017-01-01
[DEBUG] Mask applied: 504 rows selected
[DEBUG] y computed: Date
2015-02-02    0.014698
2015-02-03    0.026343
2015-02-04    0.026023
2015-02-05    0.038399
2015-02-06    0.043168
2015-02-09    0.043154
2015-02-10    0.042999
2015-02-11    0.042789
2015-02-12    0.042362
2015-02-13    0.042738
[DEBUG] X shape after aligning with y: (463, 841)
[DEBUG] Feature importances (top 10): boll_Lower_21_LLY    0.383849
boll_Lower_14_LLY    0.081953
price_XOM            0.044626
ema_69_LLY           0.034255
donchian_21_CAT      0.022931
sma_21_LLY           0.016538
donchian_21_AVGO     0.015353
donchian_21_JPM      0.013714
macd_JPM             0.013202
month                0.012868
[DEBUG] Selected top 175 features
[DEBUG] Top feature: boll_Lower_21_LLY    0.383849
